<?xml version="1.0" encoding="UTF-8"?>
<testsuite name="com.example.insecurejava.InsecureJavaApplicationTests" tests="1" skipped="0" failures="0" errors="0" timestamp="2024-11-22T00:31:01" hostname="james-2023" time="0.136">
  <properties/>
  <testcase name="contextLoads()" classname="com.example.insecurejava.InsecureJavaApplicationTests" time="0.136"/>
  <system-out><![CDATA[19:30:59.468 [Test worker] DEBUG org.springframework.test.context.BootstrapUtils - Instantiating CacheAwareContextLoaderDelegate from class [org.springframework.test.context.cache.DefaultCacheAwareContextLoaderDelegate]
19:30:59.473 [Test worker] DEBUG org.springframework.test.context.BootstrapUtils - Instantiating BootstrapContext using constructor [public org.springframework.test.context.support.DefaultBootstrapContext(java.lang.Class,org.springframework.test.context.CacheAwareContextLoaderDelegate)]
19:30:59.489 [Test worker] DEBUG org.springframework.test.context.BootstrapUtils - Instantiating TestContextBootstrapper for test class [com.example.insecurejava.InsecureJavaApplicationTests] from class [org.springframework.boot.test.context.SpringBootTestContextBootstrapper]
19:30:59.494 [Test worker] INFO org.springframework.boot.test.context.SpringBootTestContextBootstrapper - Neither @ContextConfiguration nor @ContextHierarchy found for test class [com.example.insecurejava.InsecureJavaApplicationTests], using SpringBootContextLoader
19:30:59.495 [Test worker] DEBUG org.springframework.test.context.support.AbstractContextLoader - Did not detect default resource location for test class [com.example.insecurejava.InsecureJavaApplicationTests]: class path resource [com/example/insecurejava/InsecureJavaApplicationTests-context.xml] does not exist
19:30:59.495 [Test worker] DEBUG org.springframework.test.context.support.AbstractContextLoader - Did not detect default resource location for test class [com.example.insecurejava.InsecureJavaApplicationTests]: class path resource [com/example/insecurejava/InsecureJavaApplicationTestsContext.groovy] does not exist
19:30:59.495 [Test worker] INFO org.springframework.test.context.support.AbstractContextLoader - Could not detect default resource locations for test class [com.example.insecurejava.InsecureJavaApplicationTests]: no resource found for suffixes {-context.xml, Context.groovy}.
19:30:59.496 [Test worker] INFO org.springframework.test.context.support.AnnotationConfigContextLoaderUtils - Could not detect default configuration classes for test class [com.example.insecurejava.InsecureJavaApplicationTests]: InsecureJavaApplicationTests does not declare any static, non-private, non-final, nested classes annotated with @Configuration.
19:30:59.516 [Test worker] DEBUG org.springframework.test.context.support.ActiveProfilesUtils - Could not find an 'annotation declaring class' for annotation type [org.springframework.test.context.ActiveProfiles] and class [com.example.insecurejava.InsecureJavaApplicationTests]
19:30:59.542 [Test worker] DEBUG org.springframework.context.annotation.ClassPathScanningCandidateComponentProvider - Identified candidate component class: file [/home/confusedcrib/git/insecure-kubernetes-deployments/insecure-java/build/classes/java/main/com/example/insecurejava/InsecureJavaApplication.class]
19:30:59.549 [Test worker] INFO org.springframework.boot.test.context.SpringBootTestContextBootstrapper - Found @SpringBootConfiguration com.example.insecurejava.InsecureJavaApplication for test class com.example.insecurejava.InsecureJavaApplicationTests
19:30:59.584 [Test worker] DEBUG org.springframework.boot.test.context.SpringBootTestContextBootstrapper - @TestExecutionListeners is not present for class [com.example.insecurejava.InsecureJavaApplicationTests]: using defaults.
19:30:59.584 [Test worker] INFO org.springframework.boot.test.context.SpringBootTestContextBootstrapper - Loaded default TestExecutionListener class names from location [META-INF/spring.factories]: [org.springframework.boot.test.autoconfigure.restdocs.RestDocsTestExecutionListener, org.springframework.boot.test.autoconfigure.web.client.MockRestServiceServerResetTestExecutionListener, org.springframework.boot.test.autoconfigure.web.servlet.MockMvcPrintOnlyOnFailureTestExecutionListener, org.springframework.boot.test.autoconfigure.web.servlet.WebDriverTestExecutionListener, org.springframework.boot.test.autoconfigure.webservices.client.MockWebServiceServerTestExecutionListener, org.springframework.boot.test.mock.mockito.MockitoTestExecutionListener, org.springframework.boot.test.mock.mockito.ResetMocksTestExecutionListener, org.springframework.test.context.web.ServletTestExecutionListener, org.springframework.test.context.support.DirtiesContextBeforeModesTestExecutionListener, org.springframework.test.context.event.ApplicationEventsTestExecutionListener, org.springframework.test.context.support.DependencyInjectionTestExecutionListener, org.springframework.test.context.support.DirtiesContextTestExecutionListener, org.springframework.test.context.transaction.TransactionalTestExecutionListener, org.springframework.test.context.jdbc.SqlScriptsTestExecutionListener, org.springframework.test.context.event.EventPublishingTestExecutionListener]
19:30:59.590 [Test worker] INFO org.springframework.boot.test.context.SpringBootTestContextBootstrapper - Using TestExecutionListeners: [org.springframework.test.context.web.ServletTestExecutionListener@3d484181, org.springframework.test.context.support.DirtiesContextBeforeModesTestExecutionListener@6111ba37, org.springframework.test.context.event.ApplicationEventsTestExecutionListener@7be58f16, org.springframework.boot.test.mock.mockito.MockitoTestExecutionListener@242aa8d9, org.springframework.boot.test.autoconfigure.SpringBootDependencyInjectionTestExecutionListener@5b11a194, org.springframework.test.context.support.DirtiesContextTestExecutionListener@37bd68c3, org.springframework.test.context.transaction.TransactionalTestExecutionListener@60f7cc1d, org.springframework.test.context.jdbc.SqlScriptsTestExecutionListener@11eadcba, org.springframework.test.context.event.EventPublishingTestExecutionListener@4721d212, org.springframework.boot.test.autoconfigure.restdocs.RestDocsTestExecutionListener@1b065145, org.springframework.boot.test.autoconfigure.web.client.MockRestServiceServerResetTestExecutionListener@45cff11c, org.springframework.boot.test.autoconfigure.web.servlet.MockMvcPrintOnlyOnFailureTestExecutionListener@207ea13, org.springframework.boot.test.autoconfigure.web.servlet.WebDriverTestExecutionListener@4bff1903, org.springframework.boot.test.autoconfigure.webservices.client.MockWebServiceServerTestExecutionListener@62dae540, org.springframework.boot.test.mock.mockito.ResetMocksTestExecutionListener@5827af16]
19:30:59.592 [Test worker] DEBUG org.springframework.test.context.support.AbstractDirtiesContextTestExecutionListener - Before test class: context [DefaultTestContext@a8c1f44 testClass = InsecureJavaApplicationTests, testInstance = [null], testMethod = [null], testException = [null], mergedContextConfiguration = [WebMergedContextConfiguration@150ab4ed testClass = InsecureJavaApplicationTests, locations = '{}', classes = '{class com.example.insecurejava.InsecureJavaApplication}', contextInitializerClasses = '[]', activeProfiles = '{}', propertySourceLocations = '{}', propertySourceProperties = '{org.springframework.boot.test.context.SpringBootTestContextBootstrapper=true}', contextCustomizers = set[org.springframework.boot.test.autoconfigure.actuate.metrics.MetricsExportContextCustomizerFactory$DisableMetricExportContextCustomizer@36a5cabc, org.springframework.boot.test.autoconfigure.properties.PropertyMappingContextCustomizer@0, org.springframework.boot.test.autoconfigure.web.servlet.WebDriverContextCustomizerFactory$Customizer@4ff8d125, org.springframework.boot.test.context.filter.ExcludeFilterContextCustomizer@327bcebd, org.springframework.boot.test.json.DuplicateJsonObjectContextCustomizerFactory$DuplicateJsonObjectContextCustomizer@1339e7aa, org.springframework.boot.test.mock.mockito.MockitoContextCustomizer@0, org.springframework.boot.test.web.client.TestRestTemplateContextCustomizer@31ff43be, org.springframework.boot.test.context.SpringBootTestArgs@1, org.springframework.boot.test.context.SpringBootTestWebEnvironment@6aaceffd], resourceBasePath = 'src/main/webapp', contextLoader = 'org.springframework.boot.test.context.SpringBootContextLoader', parent = [null]], attributes = map['org.springframework.test.context.web.ServletTestExecutionListener.activateListener' -> true]], class annotated with @DirtiesContext [false] with mode [null].

  .   ____          _            __ _ _
 /\\ / ___'_ __ _ _(_)_ __  __ _ \ \ \ \
( ( )\___ | '_ | '_| | '_ \/ _` | \ \ \ \
 \\/  ___)| |_)| | | | | || (_| |  ) ) ) )
  '  |____| .__|_| |_|_| |_\__, | / / / /
 =========|_|==============|___/=/_/_/_/
 :: Spring Boot ::                (v2.7.3)

2024-11-21 19:30:59.742  INFO 37571 --- [    Test worker] c.e.i.InsecureJavaApplicationTests       : Starting InsecureJavaApplicationTests using Java 17.0.10 on james-2023 with PID 37571 (started by confusedcrib in /home/confusedcrib/git/insecure-kubernetes-deployments/insecure-java)
2024-11-21 19:30:59.742  INFO 37571 --- [    Test worker] c.e.i.InsecureJavaApplicationTests       : No active profile set, falling back to 1 default profile: "default"
2024-11-21 19:31:00.022  INFO 37571 --- [    Test worker] .s.d.r.c.RepositoryConfigurationDelegate : Bootstrapping Spring Data JPA repositories in DEFAULT mode.
2024-11-21 19:31:00.032  INFO 37571 --- [    Test worker] .s.d.r.c.RepositoryConfigurationDelegate : Finished Spring Data repository scanning in 3 ms. Found 0 JPA repository interfaces.
2024-11-21 19:31:00.289  INFO 37571 --- [    Test worker] o.hibernate.jpa.internal.util.LogHelper  : HHH000204: Processing PersistenceUnitInfo [name: default]
2024-11-21 19:31:00.309  INFO 37571 --- [    Test worker] org.hibernate.Version                    : HHH000412: Hibernate ORM core version 5.6.10.Final
2024-11-21 19:31:00.370  INFO 37571 --- [    Test worker] o.hibernate.annotations.common.Version   : HCANN000001: Hibernate Commons Annotations {5.1.2.Final}
2024-11-21 19:31:00.405  INFO 37571 --- [    Test worker] com.zaxxer.hikari.HikariDataSource       : HikariPool-1 - Starting...
2024-11-21 19:31:00.487  INFO 37571 --- [    Test worker] com.zaxxer.hikari.HikariDataSource       : HikariPool-1 - Start completed.
2024-11-21 19:31:00.494  INFO 37571 --- [    Test worker] org.hibernate.dialect.Dialect            : HHH000400: Using dialect: org.hibernate.dialect.H2Dialect
2024-11-21 19:31:00.564  INFO 37571 --- [    Test worker] o.h.e.t.j.p.i.JtaPlatformInitiator       : HHH000490: Using JtaPlatform implementation: [org.hibernate.engine.transaction.jta.platform.internal.NoJtaPlatform]
2024-11-21 19:31:00.567  INFO 37571 --- [    Test worker] j.LocalContainerEntityManagerFactoryBean : Initialized JPA EntityManagerFactory for persistence unit 'default'
2024-11-21 19:31:00.667  WARN 37571 --- [    Test worker] JpaBaseConfiguration$JpaWebConfiguration : spring.jpa.open-in-view is enabled by default. Therefore, database queries may be performed during view rendering. Explicitly configure spring.jpa.open-in-view to disable this warning
2024-11-21 19:31:01.024  INFO 37571 --- [    Test worker] c.e.i.InsecureJavaApplicationTests       : Started InsecureJavaApplicationTests in 1.414 seconds (JVM running for 1.915)
]]></system-out>
  <system-err><![CDATA[]]></system-err>
</testsuite>
